# JRE version: OpenJDK Runtime Environment Temurin-21.0.8+9 (21.0.8+9) (build 21.0.8+9-LTS)
# Java VM: OpenJDK 64-Bit Server VM Temurin-21.0.8+9 (21.0.8+9-LTS, mixed mode, sharing, tiered, compressed oops, compressed class ptrs, parallel gc, windows-amd64)
GC Precious Log:
 CardTable entry size: 512
 CPUs: 16 total, 16 available
 Memory: 28524M
 Large Page Support: Disabled
 NUMA Support: Disabled
 Compressed Oops: Enabled (32-bit)
 Alignments: Space 512K, Generation 512K, Heap 2M
 Heap Min Capacity: 100M
 Heap Initial Capacity: 100M
 Heap Max Capacity: 2G
 Pre-touch: Disabled
 Parallel Workers: 13
Heap:
 PSYoungGen      total 6656K, used 4765K [0x00000000d5580000, 0x00000000d5d00000, 0x0000000100000000)
  eden space 6144K, 72% used [0x00000000d5580000,0x00000000d59d7420,0x00000000d5b80000)
  from space 512K, 62% used [0x00000000d5c80000,0x00000000d5cd0000,0x00000000d5d00000)
  to   space 512K, 0% used [0x00000000d5c00000,0x00000000d5c00000,0x00000000d5c80000)
 ParOldGen       total 1263104K, used 1262608K [0x0000000080000000, 0x00000000cd180000, 0x00000000d5580000)
  object space 1263104K, 99% used [0x0000000080000000,0x00000000cd1043a8,0x00000000cd180000)
 Metaspace       used 90903K, committed 92736K, reserved 1179648K
  class space    used 9132K, committed 9984K, reserved 1048576K
GC Heap History (20 events):
Event: 4719.084 GC heap before
{Heap before GC invocations=2866 (full 6):
 PSYoungGen      total 7168K, used 7002K [0x00000000d5580000, 0x00000000d5d80000, 0x0000000100000000)
  eden space 6144K, 100% used [0x00000000d5580000,0x00000000d5b80000,0x00000000d5b80000)
  from space 1024K, 83% used [0x00000000d5c80000,0x00000000d5d56900,0x00000000d5d80000)
  to   space 1024K, 0% used [0x00000000d5b80000,0x00000000d5b80000,0x00000000d5c80000)
 ParOldGen       total 1258496K, used 1258491K [0x0000000080000000, 0x00000000ccd00000, 0x00000000d5580000)
  object space 1258496K, 99% used [0x0000000080000000,0x00000000cccfec68,0x00000000ccd00000)
 Metaspace       used 90599K, committed 92480K, reserved 1179648K
  class space    used 9082K, committed 9984K, reserved 1048576K
}
Event: 4719.086 GC heap after
{Heap after GC invocations=2866 (full 6):
 PSYoungGen      total 7168K, used 890K [0x00000000d5580000, 0x00000000d5d80000, 0x0000000100000000)
  eden space 6144K, 0% used [0x00000000d5580000,0x00000000d5580000,0x00000000d5b80000)
  from space 1024K, 86% used [0x00000000d5b80000,0x00000000d5c5e900,0x00000000d5c80000)
  to   space 1024K, 0% used [0x00000000d5c80000,0x00000000d5c80000,0x00000000d5d80000)
 ParOldGen       total 1259008K, used 1258579K [0x0000000080000000, 0x00000000ccd80000, 0x00000000d5580000)
  object space 1259008K, 99% used [0x0000000080000000,0x00000000ccd14c68,0x00000000ccd80000)
 Metaspace       used 90599K, committed 92480K, reserved 1179648K
  class space    used 9082K, committed 9984K, reserved 1048576K
}
Event: 4719.626 GC heap before
{Heap before GC invocations=2867 (full 6):
 PSYoungGen      total 7168K, used 7034K [0x00000000d5580000, 0x00000000d5d80000, 0x0000000100000000)
  eden space 6144K, 100% used [0x00000000d5580000,0x00000000d5b80000,0x00000000d5b80000)
  from space 1024K, 86% used [0x00000000d5b80000,0x00000000d5c5e900,0x00000000d5c80000)
  to   space 1024K, 0% used [0x00000000d5c80000,0x00000000d5c80000,0x00000000d5d80000)
 ParOldGen       total 1259008K, used 1258579K [0x0000000080000000, 0x00000000ccd80000, 0x00000000d5580000)
  object space 1259008K, 99% used [0x0000000080000000,0x00000000ccd14c68,0x00000000ccd80000)
 Metaspace       used 90885K, committed 92736K, reserved 1179648K
  class space    used 9132K, committed 9984K, reserved 1048576K
}
Event: 4719.627 GC heap after
{Heap after GC invocations=2867 (full 6):
 PSYoungGen      total 7168K, used 538K [0x00000000d5580000, 0x00000000d5d80000, 0x0000000100000000)
  eden space 6144K, 0% used [0x00000000d5580000,0x00000000d5580000,0x00000000d5b80000)
  from space 1024K, 52% used [0x00000000d5c80000,0x00000000d5d06900,0x00000000d5d80000)
  to   space 1024K, 0% used [0x00000000d5b80000,0x00000000d5b80000,0x00000000d5c80000)
 ParOldGen       total 1259008K, used 1258579K [0x0000000080000000, 0x00000000ccd80000, 0x00000000d5580000)
  object space 1259008K, 99% used [0x0000000080000000,0x00000000ccd14c68,0x00000000ccd80000)
 Metaspace       used 90885K, committed 92736K, reserved 1179648K
  class space    used 9132K, committed 9984K, reserved 1048576K
}
Event: 4719.634 GC heap before
{Heap before GC invocations=2868 (full 6):
 PSYoungGen      total 7168K, used 6682K [0x00000000d5580000, 0x00000000d5d80000, 0x0000000100000000)
  eden space 6144K, 100% used [0x00000000d5580000,0x00000000d5b80000,0x00000000d5b80000)
  from space 1024K, 52% used [0x00000000d5c80000,0x00000000d5d06900,0x00000000d5d80000)
  to   space 1024K, 0% used [0x00000000d5b80000,0x00000000d5b80000,0x00000000d5c80000)
 ParOldGen       total 1259008K, used 1258579K [0x0000000080000000, 0x00000000ccd80000, 0x00000000d5580000)
  object space 1259008K, 99% used [0x0000000080000000,0x00000000ccd14c68,0x00000000ccd80000)
 Metaspace       used 90885K, committed 92736K, reserved 1179648K
  class space    used 9132K, committed 9984K, reserved 1048576K
}
Event: 4719.636 GC heap after
{Heap after GC invocations=2868 (full 6):
 PSYoungGen      total 7168K, used 928K [0x00000000d5580000, 0x00000000d5d80000, 0x0000000100000000)
  eden space 6144K, 0% used [0x00000000d5580000,0x00000000d5580000,0x00000000d5b80000)
  from space 1024K, 90% used [0x00000000d5b80000,0x00000000d5c68000,0x00000000d5c80000)
  to   space 1024K, 0% used [0x00000000d5c80000,0x00000000d5c80000,0x00000000d5d80000)
 ParOldGen       total 1259008K, used 1258928K [0x0000000080000000, 0x00000000ccd80000, 0x00000000d5580000)
  object space 1259008K, 99% used [0x0000000080000000,0x00000000ccd6c058,0x00000000ccd80000)
 Metaspace       used 90885K, committed 92736K, reserved 1179648K
  class space    used 9132K, committed 9984K, reserved 1048576K
}
Event: 4719.645 GC heap before
{Heap before GC invocations=2869 (full 6):
 PSYoungGen      total 7168K, used 7072K [0x00000000d5580000, 0x00000000d5d80000, 0x0000000100000000)
  eden space 6144K, 100% used [0x00000000d5580000,0x00000000d5b80000,0x00000000d5b80000)
  from space 1024K, 90% used [0x00000000d5b80000,0x00000000d5c68000,0x00000000d5c80000)
  to   space 1024K, 0% used [0x00000000d5c80000,0x00000000d5c80000,0x00000000d5d80000)
 ParOldGen       total 1259008K, used 1258928K [0x0000000080000000, 0x00000000ccd80000, 0x00000000d5580000)
  object space 1259008K, 99% used [0x0000000080000000,0x00000000ccd6c058,0x00000000ccd80000)
 Metaspace       used 90885K, committed 92736K, reserved 1179648K
  class space    used 9132K, committed 9984K, reserved 1048576K
}
Event: 4719.646 GC heap after
{Heap after GC invocations=2869 (full 6):
 PSYoungGen      total 7168K, used 900K [0x00000000d5580000, 0x00000000d5d80000, 0x0000000100000000)
  eden space 6144K, 0% used [0x00000000d5580000,0x00000000d5580000,0x00000000d5b80000)
  from space 1024K, 87% used [0x00000000d5c80000,0x00000000d5d61210,0x00000000d5d80000)
  to   space 1024K, 0% used [0x00000000d5b80000,0x00000000d5b80000,0x00000000d5c80000)
 ParOldGen       total 1260032K, used 1259689K [0x0000000080000000, 0x00000000cce80000, 0x00000000d5580000)
  object space 1260032K, 99% used [0x0000000080000000,0x00000000cce2a6a8,0x00000000cce80000)
 Metaspace       used 90885K, committed 92736K, reserved 1179648K
  class space    used 9132K, committed 9984K, reserved 1048576K
}
Event: 4719.653 GC heap before
{Heap before GC invocations=2870 (full 6):
 PSYoungGen      total 7168K, used 7044K [0x00000000d5580000, 0x00000000d5d80000, 0x0000000100000000)
  eden space 6144K, 100% used [0x00000000d5580000,0x00000000d5b80000,0x00000000d5b80000)
  from space 1024K, 87% used [0x00000000d5c80000,0x00000000d5d61210,0x00000000d5d80000)
  to   space 1024K, 0% used [0x00000000d5b80000,0x00000000d5b80000,0x00000000d5c80000)
 ParOldGen       total 1260032K, used 1259689K [0x0000000080000000, 0x00000000cce80000, 0x00000000d5580000)
  object space 1260032K, 99% used [0x0000000080000000,0x00000000cce2a6a8,0x00000000cce80000)
 Metaspace       used 90885K, committed 92736K, reserved 1179648K
  class space    used 9132K, committed 9984K, reserved 1048576K
}
Event: 4719.655 GC heap after
{Heap after GC invocations=2870 (full 6):
 PSYoungGen      total 7168K, used 960K [0x00000000d5580000, 0x00000000d5d80000, 0x0000000100000000)
  eden space 6144K, 0% used [0x00000000d5580000,0x00000000d5580000,0x00000000d5b80000)
  from space 1024K, 93% used [0x00000000d5b80000,0x00000000d5c70000,0x00000000d5c80000)
  to   space 1024K, 0% used [0x00000000d5c80000,0x00000000d5c80000,0x00000000d5d80000)
 ParOldGen       total 1260544K, used 1260484K [0x0000000080000000, 0x00000000ccf00000, 0x00000000d5580000)
  object space 1260544K, 99% used [0x0000000080000000,0x00000000ccef10e0,0x00000000ccf00000)
 Metaspace       used 90885K, committed 92736K, reserved 1179648K
  class space    used 9132K, committed 9984K, reserved 1048576K
}
Event: 4719.749 GC heap before
{Heap before GC invocations=2871 (full 6):
 PSYoungGen      total 7168K, used 7104K [0x00000000d5580000, 0x00000000d5d80000, 0x0000000100000000)
  eden space 6144K, 100% used [0x00000000d5580000,0x00000000d5b80000,0x00000000d5b80000)
  from space 1024K, 93% used [0x00000000d5b80000,0x00000000d5c70000,0x00000000d5c80000)
  to   space 1024K, 0% used [0x00000000d5c80000,0x00000000d5c80000,0x00000000d5d80000)
 ParOldGen       total 1260544K, used 1260484K [0x0000000080000000, 0x00000000ccf00000, 0x00000000d5580000)
  object space 1260544K, 99% used [0x0000000080000000,0x00000000ccef10e0,0x00000000ccf00000)
 Metaspace       used 90887K, committed 92736K, reserved 1179648K
  class space    used 9132K, committed 9984K, reserved 1048576K
}
Event: 4719.751 GC heap after
{Heap after GC invocations=2871 (full 6):
 PSYoungGen      total 7168K, used 762K [0x00000000d5580000, 0x00000000d5d80000, 0x0000000100000000)
  eden space 6144K, 0% used [0x00000000d5580000,0x00000000d5580000,0x00000000d5b80000)
  from space 1024K, 74% used [0x00000000d5c80000,0x00000000d5d3e900,0x00000000d5d80000)
  to   space 1024K, 0% used [0x00000000d5b80000,0x00000000d5b80000,0x00000000d5c80000)
 ParOldGen       total 1261568K, used 1261237K [0x0000000080000000, 0x00000000cd000000, 0x00000000d5580000)
  object space 1261568K, 99% used [0x0000000080000000,0x00000000ccfad730,0x00000000cd000000)
 Metaspace       used 90887K, committed 92736K, reserved 1179648K
  class space    used 9132K, committed 9984K, reserved 1048576K
}
Event: 4719.755 GC heap before
{Heap before GC invocations=2872 (full 6):
 PSYoungGen      total 7168K, used 5502K [0x00000000d5580000, 0x00000000d5d80000, 0x0000000100000000)
  eden space 6144K, 77% used [0x00000000d5580000,0x00000000d5a20fe8,0x00000000d5b80000)
  from space 1024K, 74% used [0x00000000d5c80000,0x00000000d5d3e900,0x00000000d5d80000)
  to   space 1024K, 0% used [0x00000000d5b80000,0x00000000d5b80000,0x00000000d5c80000)
 ParOldGen       total 1261568K, used 1261237K [0x0000000080000000, 0x00000000cd000000, 0x00000000d5580000)
  object space 1261568K, 99% used [0x0000000080000000,0x00000000ccfad730,0x00000000cd000000)
 Metaspace       used 90887K, committed 92736K, reserved 1179648K
  class space    used 9132K, committed 9984K, reserved 1048576K
}
Event: 4719.757 GC heap after
{Heap after GC invocations=2872 (full 6):
 PSYoungGen      total 7168K, used 288K [0x00000000d5580000, 0x00000000d5d00000, 0x0000000100000000)
  eden space 6144K, 0% used [0x00000000d5580000,0x00000000d5580000,0x00000000d5b80000)
  from space 1024K, 28% used [0x00000000d5b80000,0x00000000d5bc8000,0x00000000d5c80000)
  to   space 512K, 0% used [0x00000000d5c80000,0x00000000d5c80000,0x00000000d5d00000)
 ParOldGen       total 1262080K, used 1261705K [0x0000000080000000, 0x00000000cd080000, 0x00000000d5580000)
  object space 1262080K, 99% used [0x0000000080000000,0x00000000cd022630,0x00000000cd080000)
 Metaspace       used 90887K, committed 92736K, reserved 1179648K
  class space    used 9132K, committed 9984K, reserved 1048576K
}
Event: 4719.766 GC heap before
{Heap before GC invocations=2873 (full 6):
 PSYoungGen      total 7168K, used 6432K [0x00000000d5580000, 0x00000000d5d00000, 0x0000000100000000)
  eden space 6144K, 100% used [0x00000000d5580000,0x00000000d5b80000,0x00000000d5b80000)
  from space 1024K, 28% used [0x00000000d5b80000,0x00000000d5bc8000,0x00000000d5c80000)
  to   space 512K, 0% used [0x00000000d5c80000,0x00000000d5c80000,0x00000000d5d00000)
 ParOldGen       total 1262080K, used 1261705K [0x0000000080000000, 0x00000000cd080000, 0x00000000d5580000)
  object space 1262080K, 99% used [0x0000000080000000,0x00000000cd022630,0x00000000cd080000)
 Metaspace       used 90891K, committed 92736K, reserved 1179648K
  class space    used 9132K, committed 9984K, reserved 1048576K
}
Event: 4719.767 GC heap after
{Heap after GC invocations=2873 (full 6):
 PSYoungGen      total 6656K, used 512K [0x00000000d5580000, 0x00000000d5d80000, 0x0000000100000000)
  eden space 6144K, 0% used [0x00000000d5580000,0x00000000d5580000,0x00000000d5b80000)
  from space 512K, 100% used [0x00000000d5c80000,0x00000000d5d00000,0x00000000d5d00000)
  to   space 1024K, 0% used [0x00000000d5b80000,0x00000000d5b80000,0x00000000d5c80000)
 ParOldGen       total 1262080K, used 1261793K [0x0000000080000000, 0x00000000cd080000, 0x00000000d5580000)
  object space 1262080K, 99% used [0x0000000080000000,0x00000000cd038630,0x00000000cd080000)
 Metaspace       used 90891K, committed 92736K, reserved 1179648K
  class space    used 9132K, committed 9984K, reserved 1048576K
}
Event: 4720.008 GC heap before
{Heap before GC invocations=2874 (full 6):
 PSYoungGen      total 6656K, used 6656K [0x00000000d5580000, 0x00000000d5d80000, 0x0000000100000000)
  eden space 6144K, 100% used [0x00000000d5580000,0x00000000d5b80000,0x00000000d5b80000)
  from space 512K, 100% used [0x00000000d5c80000,0x00000000d5d00000,0x00000000d5d00000)
  to   space 1024K, 0% used [0x00000000d5b80000,0x00000000d5b80000,0x00000000d5c80000)
 ParOldGen       total 1262080K, used 1261793K [0x0000000080000000, 0x00000000cd080000, 0x00000000d5580000)
  object space 1262080K, 99% used [0x0000000080000000,0x00000000cd038630,0x00000000cd080000)
 Metaspace       used 90891K, committed 92736K, reserved 1179648K
  class space    used 9132K, committed 9984K, reserved 1048576K
}
Event: 4720.009 GC heap after
{Heap after GC invocations=2874 (full 6):
 PSYoungGen      total 7168K, used 666K [0x00000000d5580000, 0x00000000d5d80000, 0x0000000100000000)
  eden space 6144K, 0% used [0x00000000d5580000,0x00000000d5580000,0x00000000d5b80000)
  from space 1024K, 65% used [0x00000000d5b80000,0x00000000d5c26900,0x00000000d5c80000)
  to   space 1024K, 0% used [0x00000000d5c80000,0x00000000d5c80000,0x00000000d5d80000)
 ParOldGen       total 1262592K, used 1262210K [0x0000000080000000, 0x00000000cd100000, 0x00000000d5580000)
  object space 1262592K, 99% used [0x0000000080000000,0x00000000cd0a0a80,0x00000000cd100000)
 Metaspace       used 90891K, committed 92736K, reserved 1179648K
  class space    used 9132K, committed 9984K, reserved 1048576K
}
Event: 4894.561 GC heap before
{Heap before GC invocations=2875 (full 6):
 PSYoungGen      total 7168K, used 6810K [0x00000000d5580000, 0x00000000d5d80000, 0x0000000100000000)
  eden space 6144K, 99% used [0x00000000d5580000,0x00000000d5b7fff0,0x00000000d5b80000)
  from space 1024K, 65% used [0x00000000d5b80000,0x00000000d5c26900,0x00000000d5c80000)
  to   space 1024K, 0% used [0x00000000d5c80000,0x00000000d5c80000,0x00000000d5d80000)
 ParOldGen       total 1262592K, used 1262210K [0x0000000080000000, 0x00000000cd100000, 0x00000000d5580000)
  object space 1262592K, 99% used [0x0000000080000000,0x00000000cd0a0a80,0x00000000cd100000)
 Metaspace       used 90891K, committed 92736K, reserved 1179648K
  class space    used 9132K, committed 9984K, reserved 1048576K
}
Event: 4894.563 GC heap after
{Heap after GC invocations=2875 (full 6):
 PSYoungGen      total 6656K, used 320K [0x00000000d5580000, 0x00000000d5d00000, 0x0000000100000000)
  eden space 6144K, 0% used [0x00000000d5580000,0x00000000d5580000,0x00000000d5b80000)
  from space 512K, 62% used [0x00000000d5c80000,0x00000000d5cd0000,0x00000000d5d00000)
  to   space 512K, 0% used [0x00000000d5c00000,0x00000000d5c00000,0x00000000d5c80000)
 ParOldGen       total 1263104K, used 1262608K [0x0000000080000000, 0x00000000cd180000, 0x00000000d5580000)
  object space 1263104K, 99% used [0x0000000080000000,0x00000000cd1043a8,0x00000000cd180000)
 Metaspace       used 90891K, committed 92736K, reserved 1179648K
  class space    used 9132K, committed 9984K, reserved 1048576K
}

